<?xml version="1.0" encoding="UTF-8"?>
<!-- Generated by org.testng.reporters.JUnitXMLReporter -->
<testsuite ignored="0" hostname="MAX-LAP-0673" failures="0" tests="6" name="SwagLabs Tests" time="31.393" errors="0" timestamp="2024-08-07T12:36:18 IST">
  <testcase classname="Supriti.tests.VerifyLoginTest" name="loginTest" time="0.262"/>
  <testcase classname="Supriti.tests.AddItemToCartTest" name="addItemToCart" time="0.505"/>
  <testcase classname="Supriti.tests.OrderTest" name="completeOrderTest" time="1.259"/>
  <testcase classname="Supriti.tests.VerifyLoginWithInvalidCredentialsTest" name="invalidLoginTest" time="0.24"/>
  <testcase classname="Supriti.tests.RemoveItemFromCartTest" name="removeItemFromCartTest" time="10.835"/>
  <testcase classname="Supriti.tests.VerifyCheckoutWithMissingInformationTest" name="checkoutWithMissingInformationTest" time="0.693"/>
</testsuite> <!-- SwagLabs Tests -->
