<?xml version="1.0" encoding="UTF-8"?>
<testng-results ignored="0" total="6" passed="6" failed="0" skipped="0">
  <reporter-output>
  </reporter-output>
  <suite started-at="2024-08-07T12:35:46 IST" name="SwagLabs Test Suite" finished-at="2024-08-07T12:36:18 IST" duration-ms="31393">
    <groups>
    </groups>
    <test started-at="2024-08-07T12:35:46 IST" name="SwagLabs Tests" finished-at="2024-08-07T12:36:18 IST" duration-ms="31393">
      <class name="Supriti.tests.OrderTest">
        <test-method is-config="true" signature="setup()[pri:0, instance:Supriti.tests.OrderTest@742ff096]" started-at="2024-08-07T12:35:53 IST" name="setup" finished-at="2024-08-07T12:35:56 IST" duration-ms="2440" status="PASS">
          <reporter-output>
          </reporter-output>
        </test-method> <!-- setup -->
        <test-method signature="completeOrderTest()[pri:0, instance:Supriti.tests.OrderTest@742ff096]" started-at="2024-08-07T12:35:56 IST" name="completeOrderTest" finished-at="2024-08-07T12:35:57 IST" duration-ms="1259" status="PASS">
          <reporter-output>
          </reporter-output>
        </test-method> <!-- completeOrderTest -->
        <test-method is-config="true" signature="teardown()[pri:0, instance:Supriti.tests.OrderTest@742ff096]" started-at="2024-08-07T12:35:57 IST" name="teardown" finished-at="2024-08-07T12:35:57 IST" duration-ms="314" status="PASS">
          <reporter-output>
          </reporter-output>
        </test-method> <!-- teardown -->
      </class> <!-- Supriti.tests.OrderTest -->
      <class name="Supriti.tests.VerifyCheckoutWithMissingInformationTest">
        <test-method is-config="true" signature="setup()[pri:0, instance:Supriti.tests.VerifyCheckoutWithMissingInformationTest@1c5920df]" started-at="2024-08-07T12:36:14 IST" name="setup" finished-at="2024-08-07T12:36:17 IST" duration-ms="2357" status="PASS">
          <reporter-output>
          </reporter-output>
        </test-method> <!-- setup -->
        <test-method signature="checkoutWithMissingInformationTest()[pri:0, instance:Supriti.tests.VerifyCheckoutWithMissingInformationTest@1c5920df]" started-at="2024-08-07T12:36:17 IST" name="checkoutWithMissingInformationTest" finished-at="2024-08-07T12:36:17 IST" duration-ms="693" status="PASS">
          <reporter-output>
          </reporter-output>
        </test-method> <!-- checkoutWithMissingInformationTest -->
        <test-method is-config="true" signature="teardown()[pri:0, instance:Supriti.tests.VerifyCheckoutWithMissingInformationTest@1c5920df]" started-at="2024-08-07T12:36:17 IST" name="teardown" finished-at="2024-08-07T12:36:18 IST" duration-ms="182" status="PASS">
          <reporter-output>
          </reporter-output>
        </test-method> <!-- teardown -->
      </class> <!-- Supriti.tests.VerifyCheckoutWithMissingInformationTest -->
      <class name="Supriti.tests.RemoveItemFromCartTest">
        <test-method is-config="true" signature="setup()[pri:0, instance:Supriti.tests.RemoveItemFromCartTest@350aac89]" started-at="2024-08-07T12:36:01 IST" name="setup" finished-at="2024-08-07T12:36:03 IST" duration-ms="2663" status="PASS">
          <reporter-output>
          </reporter-output>
        </test-method> <!-- setup -->
        <test-method signature="removeItemFromCartTest()[pri:0, instance:Supriti.tests.RemoveItemFromCartTest@350aac89]" started-at="2024-08-07T12:36:03 IST" name="removeItemFromCartTest" finished-at="2024-08-07T12:36:14 IST" duration-ms="10835" status="PASS">
          <reporter-output>
          </reporter-output>
        </test-method> <!-- removeItemFromCartTest -->
        <test-method is-config="true" signature="teardown()[pri:0, instance:Supriti.tests.RemoveItemFromCartTest@350aac89]" started-at="2024-08-07T12:36:14 IST" name="teardown" finished-at="2024-08-07T12:36:14 IST" duration-ms="225" status="PASS">
          <reporter-output>
          </reporter-output>
        </test-method> <!-- teardown -->
      </class> <!-- Supriti.tests.RemoveItemFromCartTest -->
      <class name="Supriti.tests.VerifyLoginTest">
        <test-method is-config="true" signature="setup()[pri:0, instance:Supriti.tests.VerifyLoginTest@548d708a]" started-at="2024-08-07T12:35:46 IST" name="setup" finished-at="2024-08-07T12:35:49 IST" duration-ms="3179" status="PASS">
          <reporter-output>
          </reporter-output>
        </test-method> <!-- setup -->
        <test-method signature="loginTest()[pri:0, instance:Supriti.tests.VerifyLoginTest@548d708a]" started-at="2024-08-07T12:35:49 IST" name="loginTest" finished-at="2024-08-07T12:35:50 IST" duration-ms="262" status="PASS">
          <reporter-output>
          </reporter-output>
        </test-method> <!-- loginTest -->
        <test-method is-config="true" signature="teardown()[pri:0, instance:Supriti.tests.VerifyLoginTest@548d708a]" started-at="2024-08-07T12:35:50 IST" name="teardown" finished-at="2024-08-07T12:35:50 IST" duration-ms="171" status="PASS">
          <reporter-output>
          </reporter-output>
        </test-method> <!-- teardown -->
      </class> <!-- Supriti.tests.VerifyLoginTest -->
      <class name="Supriti.tests.VerifyLoginWithInvalidCredentialsTest">
        <test-method is-config="true" signature="setup()[pri:0, instance:Supriti.tests.VerifyLoginWithInvalidCredentialsTest@75437611]" started-at="2024-08-07T12:35:57 IST" name="setup" finished-at="2024-08-07T12:36:00 IST" duration-ms="3090" status="PASS">
          <reporter-output>
          </reporter-output>
        </test-method> <!-- setup -->
        <test-method signature="invalidLoginTest()[pri:0, instance:Supriti.tests.VerifyLoginWithInvalidCredentialsTest@75437611]" started-at="2024-08-07T12:36:00 IST" name="invalidLoginTest" finished-at="2024-08-07T12:36:00 IST" duration-ms="240" status="PASS">
          <reporter-output>
          </reporter-output>
        </test-method> <!-- invalidLoginTest -->
        <test-method is-config="true" signature="teardown()[pri:0, instance:Supriti.tests.VerifyLoginWithInvalidCredentialsTest@75437611]" started-at="2024-08-07T12:36:00 IST" name="teardown" finished-at="2024-08-07T12:36:01 IST" duration-ms="200" status="PASS">
          <reporter-output>
          </reporter-output>
        </test-method> <!-- teardown -->
      </class> <!-- Supriti.tests.VerifyLoginWithInvalidCredentialsTest -->
      <class name="Supriti.tests.AddItemToCartTest">
        <test-method is-config="true" signature="setup()[pri:0, instance:Supriti.tests.AddItemToCartTest@7bba5817]" started-at="2024-08-07T12:35:50 IST" name="setup" finished-at="2024-08-07T12:35:52 IST" duration-ms="2512" status="PASS">
          <reporter-output>
          </reporter-output>
        </test-method> <!-- setup -->
        <test-method signature="addItemToCart()[pri:0, instance:Supriti.tests.AddItemToCartTest@7bba5817]" started-at="2024-08-07T12:35:52 IST" name="addItemToCart" finished-at="2024-08-07T12:35:53 IST" duration-ms="505" status="PASS">
          <reporter-output>
          </reporter-output>
        </test-method> <!-- addItemToCart -->
        <test-method is-config="true" signature="teardown()[pri:0, instance:Supriti.tests.AddItemToCartTest@7bba5817]" started-at="2024-08-07T12:35:53 IST" name="teardown" finished-at="2024-08-07T12:35:53 IST" duration-ms="201" status="PASS">
          <reporter-output>
          </reporter-output>
        </test-method> <!-- teardown -->
      </class> <!-- Supriti.tests.AddItemToCartTest -->
    </test> <!-- SwagLabs Tests -->
  </suite> <!-- SwagLabs Test Suite -->
</testng-results>
